<?xml version="1.0" encoding="UTF-8"?>
<!-- Generated by org.testng.reporters.JUnitReportReporter -->
<testsuite hostname="anirudh-vivobook" failures="0" tests="4" name="testcases.RegisterTest" time="45.464" errors="0" timestamp="2024-04-15T16:59:23 IST" skipped="0">
  <testcase classname="testcases.RegisterTest" name="verifyRegisteringAnAccountWithMandatoryFields" time="11.652"/>
  <system-out/>
  <testcase classname="testcases.RegisterTest" name="verifyRegisteringAccountByProvidingAllFields" time="13.162"/>
  <system-out/>
  <testcase classname="testcases.RegisterTest" name="verifyRegisteringAccountWithExistingEmailAddress" time="10.257"/>
  <system-out/>
  <testcase classname="testcases.RegisterTest" name="verifyRegisteringAccountWithoutFillingAnyDetails" time="10.393"/>
  <system-out/>
</testsuite> <!-- testcases.RegisterTest -->
