<?xml version="1.0" encoding="UTF-8"?>
<!-- Generated by org.testng.reporters.JUnitReportReporter -->
<testsuite hostname="anirudh-vivobook" failures="0" tests="3" name="testcases.SearchTest" time="24.230" errors="0" timestamp="2024-04-15T16:59:23 IST" skipped="0">
  <testcase classname="testcases.SearchTest" name="verifySearchWithValidProduct" time="8.782"/>
  <system-out/>
  <testcase classname="testcases.SearchTest" name="verifySearchWithInvalidProduct" time="7.646"/>
  <system-out/>
  <testcase classname="testcases.SearchTest" name="verifySearchWithoutAnyProduct" time="7.802"/>
  <system-out/>
</testsuite> <!-- testcases.SearchTest -->
